SF:lib/features/anime_list/domain/models/kraken_anime_response.dart
DA:15,0
LF:1
LH:0
end_of_record
SF:lib/features/anime_list/domain/models/kraken_anime_response.g.dart
DA:9,0
DA:10,0
DA:11,0
DA:14,0
DA:15,0
DA:16,0
LF:6
LH:0
end_of_record
SF:lib/features/anime_list/domain/repository/anime_list_repository_impl.dart
DA:7,0
DA:9,0
DA:11,0
DA:12,0
DA:14,0
DA:15,0
DA:16,0
LF:7
LH:0
end_of_record
SF:lib/features/anime_list/bloc/kraken_anime_event.dart
DA:4,2
DA:6,1
DA:7,1
DA:11,2
DA:15,2
DA:19,1
LF:6
LH:6
end_of_record
SF:lib/features/anime_list/bloc/kraken_anime_bloc.dart
DA:9,1
DA:11,1
DA:12,2
DA:13,2
DA:14,2
DA:17,1
DA:22,3
DA:23,1
DA:24,1
DA:27,0
DA:31,1
DA:36,1
DA:37,3
DA:38,1
DA:39,1
DA:42,0
DA:50,0
DA:54,0
DA:55,0
DA:59,0
DA:60,0
DA:61,0
DA:62,0
DA:63,0
DA:64,0
DA:65,0
DA:66,0
DA:72,0
DA:80,0
DA:81,0
LF:30
LH:14
end_of_record
SF:lib/features/anime_list/bloc/kraken_anime_state.dart
DA:5,5
DA:7,0
DA:8,0
DA:12,4
DA:14,1
DA:15,1
DA:21,2
DA:23,2
DA:24,4
DA:30,3
DA:32,1
DA:33,2
LF:12
LH:10
end_of_record
SF:lib/features/anime_list/domain/models/kraken_response_dto.dart
DA:6,0
DA:9,0
DA:16,0
DA:17,0
DA:18,0
LF:5
LH:0
end_of_record
SF:lib/features/anime_list/domain/models/kraken_anime.dart
DA:53,0
LF:1
LH:0
end_of_record
SF:lib/features/anime_list/domain/models/kraken_anime.g.dart
DA:9,0
DA:10,0
DA:11,0
DA:12,0
DA:13,0
DA:15,0
DA:16,0
DA:17,0
DA:18,0
DA:19,0
DA:20,0
DA:21,0
DA:22,0
DA:23,0
DA:24,0
DA:25,0
DA:26,0
DA:27,0
DA:28,0
DA:29,0
DA:30,0
DA:31,0
DA:32,0
DA:33,0
DA:34,0
DA:35,0
DA:36,0
DA:37,0
DA:38,0
DA:39,0
DA:40,0
DA:42,0
DA:43,0
DA:45,0
DA:46,0
DA:47,0
DA:48,0
DA:49,0
DA:50,0
DA:51,0
DA:54,0
DA:55,0
DA:56,0
DA:57,0
DA:58,0
DA:59,0
DA:60,0
DA:61,0
DA:62,0
DA:63,0
DA:64,0
DA:65,0
DA:66,0
DA:67,0
DA:68,0
DA:69,0
DA:70,0
DA:71,0
DA:72,0
DA:73,0
DA:74,0
DA:75,0
DA:76,0
DA:77,0
DA:78,0
DA:79,0
DA:80,0
DA:81,0
DA:82,0
DA:83,0
DA:84,0
DA:85,0
DA:86,0
DA:87,0
DA:88,0
DA:89,0
DA:90,0
LF:77
LH:0
end_of_record
SF:lib/features/anime_list/domain/models/pagination.dart
DA:16,0
LF:1
LH:0
end_of_record
SF:lib/features/anime_list/domain/models/pagination.g.dart
DA:9,0
DA:10,0
DA:11,0
DA:12,0
DA:13,0
DA:16,0
DA:17,0
DA:18,0
DA:19,0
DA:20,0
LF:10
LH:0
end_of_record
SF:lib/core/services/native_method_service.dart
DA:6,0
DA:7,0
DA:10,0
DA:11,0
LF:4
LH:0
end_of_record
SF:lib/features/anime_list/domain/models/items.dart
DA:14,0
LF:1
LH:0
end_of_record
SF:lib/features/anime_list/domain/models/items.g.dart
DA:9,0
DA:10,0
DA:11,0
DA:12,0
DA:15,0
DA:16,0
DA:17,0
DA:18,0
LF:8
LH:0
end_of_record
SF:lib/features/anime_detail/bloc/characters_bloc.dart
DA:8,1
DA:10,1
DA:11,2
DA:14,1
DA:19,3
DA:20,2
DA:22,1
LF:7
LH:7
end_of_record
SF:lib/features/anime_detail/bloc/characters_event.dart
DA:4,2
DA:6,1
DA:7,1
DA:13,2
LF:4
LH:4
end_of_record
SF:lib/features/anime_detail/bloc/characters_state.dart
DA:5,9
DA:7,0
DA:8,0
DA:12,8
DA:14,1
DA:15,1
DA:21,2
DA:23,2
DA:24,4
DA:30,8
DA:32,2
DA:33,4
LF:12
LH:10
end_of_record
SF:lib/features/anime_detail/domain/repository/characters_repository_impl.dart
DA:7,0
DA:9,0
DA:10,0
DA:12,0
DA:13,0
LF:5
LH:0
end_of_record
SF:lib/features/anime_detail/domain/models/kraken_anime_detail_response.dart
DA:13,0
DA:14,0
LF:2
LH:0
end_of_record
SF:lib/features/anime_detail/domain/models/kraken_anime_detail_response.g.dart
DA:9,0
DA:10,0
DA:11,0
DA:14,0
DA:15,0
DA:16,0
LF:6
LH:0
end_of_record
SF:lib/features/anime_detail/domain/models/anime_detail.dart
DA:17,0
LF:1
LH:0
end_of_record
SF:lib/features/anime_detail/domain/models/anime_detail.g.dart
DA:9,0
DA:10,0
DA:11,0
DA:12,0
DA:14,0
DA:17,0
DA:18,0
DA:19,0
DA:20,0
DA:21,0
LF:10
LH:0
end_of_record
SF:lib/features/anime_detail/domain/models/character.dart
DA:16,0
LF:1
LH:0
end_of_record
SF:lib/features/anime_detail/domain/models/character.g.dart
DA:9,0
DA:10,0
DA:11,0
DA:12,0
DA:13,0
DA:16,0
DA:17,0
DA:18,0
DA:19,0
DA:20,0
LF:10
LH:0
end_of_record
SF:lib/features/anime_detail/domain/models/voice_actor.dart
DA:14,0
LF:1
LH:0
end_of_record
SF:lib/features/anime_detail/domain/models/voice_actor.g.dart
DA:9,0
DA:10,0
DA:11,0
DA:14,0
DA:15,0
DA:16,0
LF:6
LH:0
end_of_record
SF:lib/features/anime_detail/domain/models/character_images.dart
DA:15,0
LF:1
LH:0
end_of_record
SF:lib/features/anime_detail/domain/models/character_images.g.dart
DA:9,0
DA:10,0
DA:11,0
DA:14,0
DA:15,0
DA:16,0
LF:6
LH:0
end_of_record
SF:lib/features/anime_detail/domain/models/jpg.dart
DA:12,0
LF:1
LH:0
end_of_record
SF:lib/features/anime_detail/domain/models/jpg.g.dart
DA:9,0
DA:10,0
DA:13,0
DA:14,0
LF:4
LH:0
end_of_record
SF:lib/features/anime_detail/domain/models/webp.dart
DA:13,0
LF:1
LH:0
end_of_record
SF:lib/features/anime_detail/domain/models/webp.g.dart
DA:9,0
DA:10,0
DA:11,0
DA:14,0
DA:15,0
DA:16,0
LF:6
LH:0
end_of_record
SF:lib/features/anime_detail/domain/models/kraken_anime_characters_dto.dart
DA:6,0
DA:9,0
DA:14,0
DA:15,0
LF:4
LH:0
end_of_record
SF:lib/features/anime_detail/domain/models/person.dart
DA:16,0
LF:1
LH:0
end_of_record
SF:lib/features/anime_detail/domain/models/person.g.dart
DA:9,0
DA:10,0
DA:11,0
DA:12,0
DA:13,0
DA:16,0
DA:17,0
DA:18,0
DA:19,0
DA:20,0
LF:10
LH:0
end_of_record
SF:lib/features/anime_detail/domain/models/person_images.dart
DA:13,0
LF:1
LH:0
end_of_record
SF:lib/features/anime_detail/domain/models/person_images.g.dart
DA:9,0
DA:10,0
DA:13,0
DA:14,0
LF:4
LH:0
end_of_record
SF:lib/features/anime_list/domain/models/aired.dart
DA:16,0
LF:1
LH:0
end_of_record
SF:lib/features/anime_list/domain/models/aired.g.dart
DA:9,0
DA:10,0
DA:11,0
DA:12,0
DA:13,0
DA:16,0
DA:17,0
DA:18,0
DA:19,0
DA:20,0
LF:10
LH:0
end_of_record
SF:lib/features/anime_list/domain/models/prop.dart
DA:14,0
LF:1
LH:0
end_of_record
SF:lib/features/anime_list/domain/models/prop.g.dart
DA:9,0
DA:10,0
DA:11,0
DA:14,0
DA:15,0
DA:16,0
LF:6
LH:0
end_of_record
SF:lib/features/anime_list/domain/models/broadcast.dart
DA:15,0
LF:1
LH:0
end_of_record
SF:lib/features/anime_list/domain/models/broadcast.g.dart
DA:9,0
DA:10,0
DA:11,0
DA:12,0
DA:13,0
DA:16,0
DA:17,0
DA:18,0
DA:19,0
DA:20,0
LF:10
LH:0
end_of_record
SF:lib/features/anime_list/domain/models/demographic.dart
DA:15,0
LF:1
LH:0
end_of_record
SF:lib/features/anime_list/domain/models/demographic.g.dart
DA:9,0
DA:10,0
DA:11,0
DA:12,0
DA:13,0
DA:16,0
DA:17,0
DA:18,0
DA:19,0
DA:20,0
LF:10
LH:0
end_of_record
SF:lib/features/anime_list/domain/models/from.dart
DA:14,0
LF:1
LH:0
end_of_record
SF:lib/features/anime_list/domain/models/from.g.dart
DA:9,0
DA:10,0
DA:11,0
DA:12,0
DA:15,0
DA:16,0
DA:17,0
DA:18,0
LF:8
LH:0
end_of_record
SF:lib/features/anime_list/domain/models/image.dart
DA:14,0
LF:1
LH:0
end_of_record
SF:lib/features/anime_list/domain/models/image.g.dart
DA:9,0
DA:10,0
DA:11,0
DA:12,0
DA:15,0
DA:16,0
DA:17,0
DA:18,0
LF:8
LH:0
end_of_record
SF:lib/features/anime_list/domain/models/images.dart
DA:16,0
LF:1
LH:0
end_of_record
SF:lib/features/anime_list/domain/models/images.g.dart
DA:9,0
DA:10,0
DA:11,0
DA:12,0
DA:13,0
DA:14,0
DA:17,0
DA:18,0
DA:19,0
DA:20,0
DA:21,0
DA:22,0
LF:12
LH:0
end_of_record
SF:lib/features/anime_list/domain/models/title.dart
DA:13,0
LF:1
LH:0
end_of_record
SF:lib/features/anime_list/domain/models/title.g.dart
DA:9,0
DA:10,0
DA:11,0
DA:14,0
DA:15,0
DA:16,0
LF:6
LH:0
end_of_record
SF:lib/features/anime_list/domain/models/trailer.dart
DA:16,0
LF:1
LH:0
end_of_record
SF:lib/features/anime_list/domain/models/trailer.g.dart
DA:9,0
DA:10,0
DA:11,0
DA:12,0
DA:13,0
DA:16,0
DA:17,0
DA:18,0
DA:19,0
DA:20,0
LF:10
LH:0
end_of_record
